The HCMV genome (EF99921) has 168 CDS.
target_id test_stat pval qval

HCMV107 14.8058659650702 0.00011916425752903 0.0117093874509415

HCMV125 14.4990239189249 0.000140232185041215 0.0117093874509415

HCMV63 13.0094816725969 0.000309917714761954 0.0154311721281172

HCMV155 12.6798920254212 0.000369608913248317 0.0154311721281172

HCMV129 11.8133192080409 0.000588084976348824 0.0172288449257209

HCMV154 11.4692650788867 0.000707566560377686 0.0172288449257209

HCMV149 11.4313109302001 0.000722167152575129 0.0172288449257209

HCMV152 11.1497503696889 0.000840429817625281 0.0175439724429277

HCMV64 10.4406483478309 0.00123271991543349 0.0228738028752658

HCMV98 10.0085965855237 0.00155811209268184 0.0260204719477868

HCMV22 8.64355100028667 0.00328221074140175 0.044087795400239

HCMV99 8.57115115091909 0.00341531152576526 0.044087795400239

HCMV9 8.40172409152244 0.00374865309601806 0.044087795400239

HCMV110 8.35147586474251 0.00385374178693765 0.044087795400239

HCMV138 8.30207462511175 0.00395998162277596 0.044087795400239

HCMV10 7.96945435755214 0.00475732769049312 0.0496546077695219








There are 0 bp in the assembly.
spades -k 55,77,99,127 -t 2 --only-assembler --pe1-1 SRR5660030.01.fastq --pe1-2 SRR5660030.02.fastq --pe2-1 SRR5660033.01.fastq --pe2-2 SRR5660033.02.fastq --pe3-1 SRR5660044.01.fastq --pe3-2 SRR5660044.02.fastq --pe4-1 SRR5660045.01.fastq --pe4-2 SRR5660045.02.fastq -o spades
